<?xml version="1.0" encoding="UTF-8"?>
<!-- Generated by org.testng.reporters.JUnitReportReporter -->
<testsuite hostname="LAPTOP-LKA3284C" failures="0" tests="1" name="Session01.TestCase01" time="0.010" errors="0" timestamp="2024-01-23T16:30:36 IST" skipped="0">
  <testcase classname="Session01.TestCase01" name="createUser" time="0.010"/>
  <system-out/>
</testsuite> <!-- Session01.TestCase01 -->
